Already up-to-date.
Already up-to-date.
Updating 9e04d49..c872536
Fast-forward
 CMakeLists.txt            | 27 ++++++++++-----
 Changelog.rus             | 30 ++++++++++++++++-
 Changelog.txt             | 25 ++++++++++++++
 dcraw/dcraw.c             | 44 ++++++++++++++++++++-----
 internal/dcraw_common.cpp | 44 ++++++++++++++++++++-----
 internal/dcraw_fileio.cpp |  2 +-
 libraw/libraw_version.h   |  2 +-
 src/libraw_cxx.cpp        | 83 +++++++++++++++++++++++++++++++----------------
 8 files changed, 200 insertions(+), 57 deletions(-)
Updating '.':
At revision 607.
make: Entering directory `/home/goetz/github/mingle-mangle/librawspeed/RawSpeed'
make[1]: Entering directory `/home/goetz/github/mingle-mangle/librawspeed/RawSpeed'
make[2]: Entering directory `/home/goetz/github/mingle-mangle/librawspeed/RawSpeed'
make[2]: Leaving directory `/home/goetz/github/mingle-mangle/librawspeed/RawSpeed'
[100%] Built target rawspeed
make[1]: Leaving directory `/home/goetz/github/mingle-mangle/librawspeed/RawSpeed'
make: Leaving directory `/home/goetz/github/mingle-mangle/librawspeed/RawSpeed'
make: Entering directory `/home/goetz/github/mingle-mangle/librawspeed/LibRaw'
./internal/preprocess.pl -DDEFINES dcraw/dcraw.c  >internal/defines.h
./internal/preprocess.pl -N -DCOMMON dcraw/dcraw.c >internal/dcraw_common.cpp
./internal/preprocess.pl -DFILEIO dcraw/dcraw.c >internal/dcraw_fileio.cpp
g++ -c -DLIBRAW_NOTHREADS  -DUSE_RAWSPEED -I../RawSpeed -I/usr/include/libxml2 -g -I. -pedantic  -Wno-long-long -Wno-overflow  -O4 -fopenmp -DUSE_JASPER -I/usr/local/include -DUSE_JPEG -I/usr/local/include -DUSE_JPEG8 -DLIBRAW_DEMOSAIC_PACK_GPL2  -o object/dcraw_common.o internal/dcraw_common.cpp
g++ -c -DLIBRAW_NOTHREADS   -DUSE_RAWSPEED -I../RawSpeed -I/usr/include/libxml2 -g -I. -pedantic  -Wno-long-long -Wno-overflow  -O4 -fopenmp -DUSE_JASPER -I/usr/local/include -DUSE_JPEG -I/usr/local/include -DUSE_JPEG8 -DLIBRAW_DEMOSAIC_PACK_GPL2 -o object/libraw_cxx.o src/libraw_cxx.cpp
g++ -c -DLIBRAW_NOTHREADS   -DUSE_RAWSPEED -I../RawSpeed -I/usr/include/libxml2 -g -I. -pedantic  -Wno-long-long -Wno-overflow  -O4 -fopenmp -DUSE_JASPER -I/usr/local/include -DUSE_JPEG -I/usr/local/include -DUSE_JPEG8 -DLIBRAW_DEMOSAIC_PACK_GPL2 -o object/libraw_datastream.o src/libraw_datastream.cpp
g++ -c -DLIBRAW_NOTHREADS    -DUSE_RAWSPEED -I../RawSpeed -I/usr/include/libxml2 -g -I. -pedantic  -Wno-long-long -Wno-overflow  -O4 -fopenmp -DUSE_JASPER -I/usr/local/include -DUSE_JPEG -I/usr/local/include -DUSE_JPEG8 -DLIBRAW_DEMOSAIC_PACK_GPL2 -o object/libraw_c_api.o src/libraw_c_api.cpp
g++ -c -DLIBRAW_NOTHREADS  -DUSE_RAWSPEED -I../RawSpeed -I/usr/include/libxml2 -g -I. -pedantic  -Wno-long-long -Wno-overflow  -O4 -fopenmp -DUSE_JASPER -I/usr/local/include -DUSE_JPEG -I/usr/local/include -DUSE_JPEG8 -DLIBRAW_DEMOSAIC_PACK_GPL2  -o object/dcraw_fileio.o internal/dcraw_fileio.cpp
g++ -w -c -DLIBRAW_NOTHREADS  -DUSE_RAWSPEED -I../RawSpeed -I/usr/include/libxml2 -g -I. -pedantic  -Wno-long-long -Wno-overflow  -O4 -fopenmp -DUSE_JASPER -I/usr/local/include -DUSE_JPEG -I/usr/local/include -DUSE_JPEG8 -DLIBRAW_DEMOSAIC_PACK_GPL2 -I../LibRaw-demosaic-pack-GPL2 -o object/demosaic_packs.o internal/demosaic_packs.cpp
rm -f lib/libraw.a
ar crv lib/libraw.a object/dcraw_common.o object/libraw_cxx.o object/libraw_datastream.o object/libraw_c_api.o object/dcraw_fileio.o object/demosaic_packs.o
a - object/dcraw_common.o
a - object/libraw_cxx.o
a - object/libraw_datastream.o
a - object/libraw_c_api.o
a - object/dcraw_fileio.o
a - object/demosaic_packs.o
ranlib lib/libraw.a
g++ -c -pthread   -DUSE_RAWSPEED -I../RawSpeed -I/usr/include/libxml2 -g -I. -pedantic  -Wno-long-long -Wno-overflow  -O4 -fopenmp -DUSE_JASPER -I/usr/local/include -DUSE_JPEG -I/usr/local/include -DUSE_JPEG8 -DLIBRAW_DEMOSAIC_PACK_GPL2 -o object/dcraw_common_mt.o internal/dcraw_common.cpp
g++ -c  -pthread  -DUSE_RAWSPEED -I../RawSpeed -I/usr/include/libxml2 -g -I. -pedantic  -Wno-long-long -Wno-overflow  -O4 -fopenmp -DUSE_JASPER -I/usr/local/include -DUSE_JPEG -I/usr/local/include -DUSE_JPEG8 -DLIBRAW_DEMOSAIC_PACK_GPL2 -o object/libraw_cxx_mt.o src/libraw_cxx.cpp
g++ -c  -pthread  -DUSE_RAWSPEED -I../RawSpeed -I/usr/include/libxml2 -g -I. -pedantic  -Wno-long-long -Wno-overflow  -O4 -fopenmp -DUSE_JASPER -I/usr/local/include -DUSE_JPEG -I/usr/local/include -DUSE_JPEG8 -DLIBRAW_DEMOSAIC_PACK_GPL2 -o object/libraw_datastream_mt.o src/libraw_datastream.cpp
g++ -c  -pthread  -DUSE_RAWSPEED -I../RawSpeed -I/usr/include/libxml2 -g -I. -pedantic  -Wno-long-long -Wno-overflow  -O4 -fopenmp -DUSE_JASPER -I/usr/local/include -DUSE_JPEG -I/usr/local/include -DUSE_JPEG8 -DLIBRAW_DEMOSAIC_PACK_GPL2 -o object/libraw_c_api_mt.o src/libraw_c_api.cpp
g++  -c -pthread   -DUSE_RAWSPEED -I../RawSpeed -I/usr/include/libxml2 -g -I. -pedantic  -Wno-long-long -Wno-overflow  -O4 -fopenmp -DUSE_JASPER -I/usr/local/include -DUSE_JPEG -I/usr/local/include -DUSE_JPEG8 -DLIBRAW_DEMOSAIC_PACK_GPL2 -o object/dcraw_fileio_mt.o internal/dcraw_fileio.cpp
g++ -w -c -pthread  -DUSE_RAWSPEED -I../RawSpeed -I/usr/include/libxml2 -g -I. -pedantic  -Wno-long-long -Wno-overflow  -O4 -fopenmp -DUSE_JASPER -I/usr/local/include -DUSE_JPEG -I/usr/local/include -DUSE_JPEG8 -DLIBRAW_DEMOSAIC_PACK_GPL2 -I../LibRaw-demosaic-pack-GPL2 -o object/demosaic_packs_mt.o internal/demosaic_packs.cpp
rm -f lib/libraw_r.a
ar crv lib/libraw_r.a object/dcraw_common_mt.o object/libraw_cxx_mt.o object/libraw_datastream_mt.o object/libraw_c_api_mt.o object/dcraw_fileio_mt.o object/demosaic_packs_mt.o
a - object/dcraw_common_mt.o
a - object/libraw_cxx_mt.o
a - object/libraw_datastream_mt.o
a - object/libraw_c_api_mt.o
a - object/dcraw_fileio_mt.o
a - object/demosaic_packs_mt.o
ranlib lib/libraw_r.a
g++  -DUSE_RAWSPEED -I../RawSpeed -I/usr/include/libxml2 -g -I. -pedantic  -Wno-long-long -Wno-overflow  -O4 -fopenmp -DUSE_JASPER -I/usr/local/include -DUSE_JPEG -I/usr/local/include -DUSE_JPEG8 -DLIBRAW_DEMOSAIC_PACK_GPL2 -o bin/raw-identify samples/raw-identify.cpp -L./lib -lraw  -lm  -L../RawSpeed -lrawspeed -L/usr/local/include -ljpeg -lxml2 -L/usr/local/lib -ljasper -L/usr/local/lib -ljpeg
g++ -DLIBRAW_NOTHREADS  -DUSE_RAWSPEED -I../RawSpeed -I/usr/include/libxml2 -g -I. -pedantic  -Wno-long-long -Wno-overflow  -O4 -fopenmp -DUSE_JASPER -I/usr/local/include -DUSE_JPEG -I/usr/local/include -DUSE_JPEG8 -DLIBRAW_DEMOSAIC_PACK_GPL2 -o bin/simple_dcraw samples/simple_dcraw.cpp -L./lib -lraw  -lm  -L../RawSpeed -lrawspeed -L/usr/local/include -ljpeg -lxml2 -L/usr/local/lib -ljasper -L/usr/local/lib -ljpeg
g++  -DUSE_RAWSPEED -I../RawSpeed -I/usr/include/libxml2 -g -I. -pedantic  -Wno-long-long -Wno-overflow  -O4 -fopenmp -DUSE_JASPER -I/usr/local/include -DUSE_JPEG -I/usr/local/include -DUSE_JPEG8 -DLIBRAW_DEMOSAIC_PACK_GPL2 -o bin/dcraw_emu samples/dcraw_emu.cpp -L./lib -lraw_r  -lm -L../RawSpeed -lrawspeed -L/usr/local/include -ljpeg -lxml2 -L/usr/local/lib -ljasper -L/usr/local/lib -ljpeg
gcc  -DUSE_RAWSPEED -I../RawSpeed -I/usr/include/libxml2 -g -I. -pedantic  -Wno-long-long -Wno-overflow  -O4 -fopenmp -DUSE_JASPER -I/usr/local/include -DUSE_JPEG -I/usr/local/include -DUSE_JPEG8 -DLIBRAW_DEMOSAIC_PACK_GPL2 -o bin/dcraw_half samples/dcraw_half.c -L./lib -lraw  -lm -lstdc++  -L../RawSpeed -lrawspeed -L/usr/local/include -ljpeg -lxml2 -L/usr/local/lib -ljasper -L/usr/local/lib -ljpeg
gcc -pthread  -DUSE_RAWSPEED -I../RawSpeed -I/usr/include/libxml2 -g -I. -pedantic  -Wno-long-long -Wno-overflow  -O4 -fopenmp -DUSE_JASPER -I/usr/local/include -DUSE_JPEG -I/usr/local/include -DUSE_JPEG8 -DLIBRAW_DEMOSAIC_PACK_GPL2 -o bin/half_mt samples/half_mt.c -L./lib -lraw_r  -lm -lstdc++  -L../RawSpeed -lrawspeed -L/usr/local/include -ljpeg -lxml2 -L/usr/local/lib -ljasper -L/usr/local/lib -ljpeg
g++  -DUSE_RAWSPEED -I../RawSpeed -I/usr/include/libxml2 -g -I. -pedantic  -Wno-long-long -Wno-overflow  -O4 -fopenmp -DUSE_JASPER -I/usr/local/include -DUSE_JPEG -I/usr/local/include -DUSE_JPEG8 -DLIBRAW_DEMOSAIC_PACK_GPL2 -o bin/mem_image samples/mem_image.cpp -L./lib -lraw  -lm  -L../RawSpeed -lrawspeed -L/usr/local/include -ljpeg -lxml2 -L/usr/local/lib -ljasper -L/usr/local/lib -ljpeg
g++ -DLIBRAW_NOTHREADS  -DUSE_RAWSPEED -I../RawSpeed -I/usr/include/libxml2 -g -I. -pedantic  -Wno-long-long -Wno-overflow  -O4 -fopenmp -DUSE_JASPER -I/usr/local/include -DUSE_JPEG -I/usr/local/include -DUSE_JPEG8 -DLIBRAW_DEMOSAIC_PACK_GPL2 -o bin/unprocessed_raw samples/unprocessed_raw.cpp -L./lib -lraw  -lm  -L../RawSpeed -lrawspeed -L/usr/local/include -ljpeg -lxml2 -L/usr/local/lib -ljasper -L/usr/local/lib -ljpeg
g++ -DLIBRAW_NOTHREADS  -DUSE_RAWSPEED -I../RawSpeed -I/usr/include/libxml2 -g -I. -pedantic  -Wno-long-long -Wno-overflow  -O4 -fopenmp -DUSE_JASPER -I/usr/local/include -DUSE_JPEG -I/usr/local/include -DUSE_JPEG8 -DLIBRAW_DEMOSAIC_PACK_GPL2 -o bin/4channels samples/4channels.cpp -L./lib -lraw  -lm  -L../RawSpeed -lrawspeed -L/usr/local/include -ljpeg -lxml2 -L/usr/local/lib -ljasper -L/usr/local/lib -ljpeg
g++ -DLIBRAW_NOTHREADS  -DUSE_RAWSPEED -I../RawSpeed -I/usr/include/libxml2 -g -I. -pedantic  -Wno-long-long -Wno-overflow  -O4 -fopenmp -DUSE_JASPER -I/usr/local/include -DUSE_JPEG -I/usr/local/include -DUSE_JPEG8 -DLIBRAW_DEMOSAIC_PACK_GPL2 -o bin/multirender_test samples/multirender_test.cpp -L./lib -lraw  -lm  -L../RawSpeed -lrawspeed -L/usr/local/include -ljpeg -lxml2 -L/usr/local/lib -ljasper -L/usr/local/lib -ljpeg
g++ -DLIBRAW_NOTHREADS  -DUSE_RAWSPEED -I../RawSpeed -I/usr/include/libxml2 -g -I. -pedantic  -Wno-long-long -Wno-overflow  -O4 -fopenmp -DUSE_JASPER -I/usr/local/include -DUSE_JPEG -I/usr/local/include -DUSE_JPEG8 -DLIBRAW_DEMOSAIC_PACK_GPL2 -o bin/postprocessing_benchmark samples/postprocessing_benchmark.cpp -L./lib -lraw  -lm  -L../RawSpeed -lrawspeed -L/usr/local/include -ljpeg -lxml2 -L/usr/local/lib -ljasper -L/usr/local/lib -ljpeg
make: Leaving directory `/home/goetz/github/mingle-mangle/librawspeed/LibRaw'
